<?xml version="1.0" encoding="UTF-8" ?>
<testsuite failures="0" time="4.591" errors="0" skipped="0" tests="1" name="org.ansoft.scalajpademo.model.TestJPAWeb">
  <properties>
    <property name="java.runtime.name" value="Java(TM) SE Runtime Environment"/>
    <property name="sun.boot.library.path" value="/usr/lib/jvm/jdk1.6.0_12_32bits/jre/lib/i386"/>
    <property name="java.vm.version" value="11.2-b01"/>
    <property name="java.vm.vendor" value="Sun Microsystems Inc."/>
    <property name="java.vendor.url" value="http://java.sun.com/"/>
    <property name="path.separator" value=":"/>
    <property name="java.vm.name" value="Java HotSpot(TM) Server VM"/>
    <property name="file.encoding.pkg" value="sun.io"/>
    <property name="user.country" value="FR"/>
    <property name="sun.java.launcher" value="SUN_STANDARD"/>
    <property name="sun.os.patch.level" value="unknown"/>
    <property name="java.vm.specification.name" value="Java Virtual Machine Specification"/>
    <property name="user.dir" value="/home/jlcanela/dev/ansoft/scalajpademo/spa"/>
    <property name="java.runtime.version" value="1.6.0_12-b04"/>
    <property name="java.awt.graphicsenv" value="sun.awt.X11GraphicsEnvironment"/>
    <property name="basedir" value="/home/jlcanela/dev/ansoft/scalajpademo/spa"/>
    <property name="java.endorsed.dirs" value="/usr/lib/jvm/jdk1.6.0_12_32bits/jre/lib/endorsed"/>
    <property name="os.arch" value="i386"/>
    <property name="surefire.real.class.path" value="/tmp/surefirebooter7998577441402436535.jar"/>
    <property name="java.io.tmpdir" value="/tmp"/>
    <property name="line.separator" value="
"/>
    <property name="java.vm.specification.vendor" value="Sun Microsystems Inc."/>
    <property name="os.name" value="Linux"/>
    <property name="sun.jnu.encoding" value="UTF-8"/>
    <property name="java.library.path" value="/usr/lib/jvm/jdk1.6.0_12_32bits/jre/lib/i386/server:/usr/lib/jvm/jdk1.6.0_12_32bits/jre/lib/i386:/usr/lib/jvm/jdk1.6.0_12_32bits/jre/../lib/i386:/usr/lib/jvm/jdk1.6.0_12_32bits/jre/lib/i386/client:/usr/lib/jvm/jdk1.6.0_12_32bits/jre/lib/i386:/usr/lib/jvm/jdk1.6.0_12_32bits/jre/../lib/i386:/usr/java/packages/lib/i386:/lib:/usr/lib"/>
    <property name="surefire.test.class.path" value="/home/jlcanela/dev/ansoft/scalajpademo/spa/target/test-classes:/home/jlcanela/dev/ansoft/scalajpademo/spa/target/classes:/home/jlcanela/.m2/repository/geronimo-spec/geronimo-spec-ejb/2.1-rc4/geronimo-spec-ejb-2.1-rc4.jar:/home/jlcanela/.m2/repository/org/hibernate/hibernate-entitymanager/3.4.0.GA/hibernate-entitymanager-3.4.0.GA.jar:/home/jlcanela/.m2/repository/org/hibernate/ejb3-persistence/1.0.2.GA/ejb3-persistence-1.0.2.GA.jar:/home/jlcanela/.m2/repository/org/hibernate/hibernate-commons-annotations/3.1.0.GA/hibernate-commons-annotations-3.1.0.GA.jar:/home/jlcanela/.m2/repository/org/slf4j/slf4j-api/1.5.8/slf4j-api-1.5.8.jar:/home/jlcanela/.m2/repository/org/hibernate/hibernate-annotations/3.4.0.GA/hibernate-annotations-3.4.0.GA.jar:/home/jlcanela/.m2/repository/org/hibernate/hibernate-core/3.3.0.SP1/hibernate-core-3.3.0.SP1.jar:/home/jlcanela/.m2/repository/antlr/antlr/2.7.6/antlr-2.7.6.jar:/home/jlcanela/.m2/repository/commons-collections/commons-collections/3.1/commons-collections-3.1.jar:/home/jlcanela/.m2/repository/dom4j/dom4j/1.6.1/dom4j-1.6.1.jar:/home/jlcanela/.m2/repository/xml-apis/xml-apis/1.0.b2/xml-apis-1.0.b2.jar:/home/jlcanela/.m2/repository/javassist/javassist/3.4.GA/javassist-3.4.GA.jar:/home/jlcanela/.m2/repository/geronimo-spec/geronimo-spec-jta/1.0.1B-rc4/geronimo-spec-jta-1.0.1B-rc4.jar:/home/jlcanela/.m2/repository/org/slf4j/slf4j-simple/1.5.8/slf4j-simple-1.5.8.jar:/home/jlcanela/.m2/repository/org/scala-lang/scala-compiler/2.7.7/scala-compiler-2.7.7.jar:/home/jlcanela/.m2/repository/org/scala-lang/scala-library/2.7.7/scala-library-2.7.7.jar:/home/jlcanela/.m2/repository/org/apache/derby/derby/10.4.2.0/derby-10.4.2.0.jar:/home/jlcanela/.m2/repository/junit/junit/4.4/junit-4.4.jar:"/>
    <property name="java.specification.name" value="Java Platform API Specification"/>
    <property name="java.class.version" value="50.0"/>
    <property name="sun.management.compiler" value="HotSpot Tiered Compilers"/>
    <property name="os.version" value="2.6.31-14-generic"/>
    <property name="user.home" value="/home/jlcanela"/>
    <property name="user.timezone" value="Europe/Paris"/>
    <property name="java.awt.printerjob" value="sun.print.PSPrinterJob"/>
    <property name="file.encoding" value="UTF-8"/>
    <property name="java.specification.version" value="1.6"/>
    <property name="user.name" value="jlcanela"/>
    <property name="java.class.path" value="/home/jlcanela/dev/ansoft/scalajpademo/spa/target/test-classes:/home/jlcanela/dev/ansoft/scalajpademo/spa/target/classes:/home/jlcanela/.m2/repository/geronimo-spec/geronimo-spec-ejb/2.1-rc4/geronimo-spec-ejb-2.1-rc4.jar:/home/jlcanela/.m2/repository/org/hibernate/hibernate-entitymanager/3.4.0.GA/hibernate-entitymanager-3.4.0.GA.jar:/home/jlcanela/.m2/repository/org/hibernate/ejb3-persistence/1.0.2.GA/ejb3-persistence-1.0.2.GA.jar:/home/jlcanela/.m2/repository/org/hibernate/hibernate-commons-annotations/3.1.0.GA/hibernate-commons-annotations-3.1.0.GA.jar:/home/jlcanela/.m2/repository/org/slf4j/slf4j-api/1.5.8/slf4j-api-1.5.8.jar:/home/jlcanela/.m2/repository/org/hibernate/hibernate-annotations/3.4.0.GA/hibernate-annotations-3.4.0.GA.jar:/home/jlcanela/.m2/repository/org/hibernate/hibernate-core/3.3.0.SP1/hibernate-core-3.3.0.SP1.jar:/home/jlcanela/.m2/repository/antlr/antlr/2.7.6/antlr-2.7.6.jar:/home/jlcanela/.m2/repository/commons-collections/commons-collections/3.1/commons-collections-3.1.jar:/home/jlcanela/.m2/repository/dom4j/dom4j/1.6.1/dom4j-1.6.1.jar:/home/jlcanela/.m2/repository/xml-apis/xml-apis/1.0.b2/xml-apis-1.0.b2.jar:/home/jlcanela/.m2/repository/javassist/javassist/3.4.GA/javassist-3.4.GA.jar:/home/jlcanela/.m2/repository/geronimo-spec/geronimo-spec-jta/1.0.1B-rc4/geronimo-spec-jta-1.0.1B-rc4.jar:/home/jlcanela/.m2/repository/org/slf4j/slf4j-simple/1.5.8/slf4j-simple-1.5.8.jar:/home/jlcanela/.m2/repository/org/scala-lang/scala-compiler/2.7.7/scala-compiler-2.7.7.jar:/home/jlcanela/.m2/repository/org/scala-lang/scala-library/2.7.7/scala-library-2.7.7.jar:/home/jlcanela/.m2/repository/org/apache/derby/derby/10.4.2.0/derby-10.4.2.0.jar:/home/jlcanela/.m2/repository/junit/junit/4.4/junit-4.4.jar:"/>
    <property name="java.vm.specification.version" value="1.0"/>
    <property name="sun.arch.data.model" value="32"/>
    <property name="java.home" value="/usr/lib/jvm/jdk1.6.0_12_32bits/jre"/>
    <property name="java.specification.vendor" value="Sun Microsystems Inc."/>
    <property name="user.language" value="fr"/>
    <property name="java.vm.info" value="mixed mode"/>
    <property name="java.version" value="1.6.0_12"/>
    <property name="java.ext.dirs" value="/usr/lib/jvm/jdk1.6.0_12_32bits/jre/lib/ext:/usr/java/packages/lib/ext"/>
    <property name="sun.boot.class.path" value="/usr/lib/jvm/jdk1.6.0_12_32bits/jre/lib/resources.jar:/usr/lib/jvm/jdk1.6.0_12_32bits/jre/lib/rt.jar:/usr/lib/jvm/jdk1.6.0_12_32bits/jre/lib/sunrsasign.jar:/usr/lib/jvm/jdk1.6.0_12_32bits/jre/lib/jsse.jar:/usr/lib/jvm/jdk1.6.0_12_32bits/jre/lib/jce.jar:/usr/lib/jvm/jdk1.6.0_12_32bits/jre/lib/charsets.jar:/usr/lib/jvm/jdk1.6.0_12_32bits/jre/classes"/>
    <property name="java.vendor" value="Sun Microsystems Inc."/>
    <property name="localRepository" value="/home/jlcanela/.m2/repository"/>
    <property name="file.separator" value="/"/>
    <property name="java.vendor.url.bug" value="http://java.sun.com/cgi-bin/bugreport.cgi"/>
    <property name="sun.cpu.endian" value="little"/>
    <property name="sun.io.unicode.encoding" value="UnicodeLittle"/>
    <property name="sun.desktop" value="gnome"/>
    <property name="sun.cpu.isalist" value=""/>
  </properties>
  <testcase time="4.561" classname="org.ansoft.scalajpademo.model.TestJPAWeb" name="save_stuff"/>
</testsuite>